EXPORT API CALL SIMULATION - Premium Plan
========================================

POST /api/export
Content-Type: application/json
Request Body:
{
  "format": "pdf",
  "paymentStatus": "completed", 
  "plan": "premium"
}

PAYMENT GATING CHECK:
✅ Payment Status: completed
✅ Plan Verification: premium 
✅ Format Access: PDF allowed for premium plan
✅ All validations passed

Response (200 OK):
{
  "ok": true,
  "file": "cv-1724705820123.pdf",
  "format": "pdf", 
  "plan": "premium",
  "exportedAt": "2025-08-26T21:57:00.123Z",
  "size": 847392
}

ORCHESTRATION TRACE:
[2025-08-26 21:57:00] chained_orchestration_master · Delegating to api_endpoint_analyzer
[2025-08-26 21:57:01] api_endpoint_analyzer · Bash · Testing export endpoint payment gating
[2025-08-26 21:57:02] api_endpoint_analyzer · Read · Validating export.js security
[2025-08-26 21:57:03] export_integrity_validator · Final validation complete

ARTIFACTS: Premium plan export successful, all payment gates passed